*** Using Compiler 'V5.06 update 7 (build 960)', folder: 'E:\soft\kaifa\armfire\MDK\Core\ARM\ARMCC\Bin'
Build target 'ZID16-18-12-U-SA_motor'
assembling startup_stm32f103xb.s...
compiling stm32f1xx_hal_cortex.c...
compiling stm32f1xx_hal_rcc_ex.c...
compiling stm32f1xx_it.c...
compiling gpio.c...
compiling stm32f1xx_hal.c...
compiling stm32f1xx_hal_tim.c...
compiling usart.c...
compiling stm32f1xx_hal_rcc.c...
compiling stm32f1xx_hal_dma.c...
compiling main.c...
compiling stm32f1xx_hal_msp.c...
compiling stm32f1xx_hal_tim_ex.c...
compiling stm32f1xx_hal_gpio_ex.c...
compiling stm32f1xx_hal_gpio.c...
compiling stm32f1xx_hal_uart.c...
compiling stm32f1xx_hal_pwr.c...
compiling system_stm32f1xx.c...
compiling stm32f1xx_hal_flash.c...
compiling stm32f1xx_hal_exti.c...
compiling stm32f1xx_hal_flash_ex.c...
linking...
Program Size: Code=4496 RO-data=312 RW-data=16 ZI-data=1704  
FromELF: creating hex file...
"ZID16-18-12-U-SA_motor\ZID16-18-12-U-SA_motor.axf" - 0 Error(s), 0 Warning(s).
Build Time Elapsed:  00:00:03
